<?xml version="1.0" encoding="UTF-8"?>
<!-- Generated by org.testng.reporters.JUnitReportReporter -->
<testsuite hostname="DESKTOP-5BKKI8L" failures="0" tests="4" name="com.allianz.test.LoginTest" time="65.065" errors="0" timestamp="2024-04-22T23:49:54 PDT" skipped="0">
  <testcase classname="com.allianz.test.LoginTest" name="invalidLoginTest" time="14.469"/>
  <testcase classname="com.allianz.test.LoginTest" name="invalidLoginTest" time="15.614"/>
  <testcase classname="com.allianz.test.LoginTest" name="validLoginTest" time="19.491"/>
  <testcase classname="com.allianz.test.LoginTest" name="validLoginTest" time="15.491"/>
</testsuite> <!-- com.allianz.test.LoginTest -->
