<?xml version="1.0" encoding="UTF-8"?>
<!-- Generated by org.testng.reporters.JUnitReportReporter -->
<testsuite hostname="DESKTOP-5BKKI8L" failures="0" tests="2" name="com.allianz.test.LoginTest" time="43.642" errors="0" timestamp="2024-04-24T22:50:07 PDT" skipped="0">
  <testcase classname="com.allianz.test.LoginTest" name="validLoginTest" time="24.802"/>
  <testcase classname="com.allianz.test.LoginTest" name="validLoginTest" time="18.840"/>
</testsuite> <!-- com.allianz.test.LoginTest -->
