<?xml version="1.0" encoding="UTF-8"?>
<!-- Generated by org.testng.reporters.JUnitReportReporter -->
<testsuite hostname="DESKTOP-5BKKI8L" failures="0" tests="4" name="com.allianz.test.LoginTest" time="61.502" errors="0" timestamp="2024-04-24T23:19:54 PDT" skipped="0">
  <testcase classname="com.allianz.test.LoginTest" name="validLoginTest" time="14.509"/>
  <testcase classname="com.allianz.test.LoginTest" name="validLoginTest" time="13.018"/>
  <testcase classname="com.allianz.test.LoginTest" name="invalidLoginTest" time="13.202"/>
  <testcase classname="com.allianz.test.LoginTest" name="invalidLoginTest" time="20.773"/>
</testsuite> <!-- com.allianz.test.LoginTest -->
