<?xml version="1.0" encoding="UTF-8"?>
<!-- Generated by org.testng.reporters.JUnitReportReporter -->
<testsuite hostname="DESKTOP-5BKKI8L" failures="0" tests="2" name="com.allianz.test.LoginTest" time="27.484" errors="0" timestamp="2024-04-11T21:11:34 PDT" skipped="0">
  <testcase classname="com.allianz.test.LoginTest" name="invalidLoginTest" time="11.940"/>
  <testcase classname="com.allianz.test.LoginTest" name="validLoginTest" time="15.544"/>
</testsuite> <!-- com.allianz.test.LoginTest -->
