<?xml version="1.0" encoding="UTF-8"?>
<!-- Generated by org.testng.reporters.JUnitReportReporter -->
<testsuite hostname="DESKTOP-5BKKI8L" failures="0" tests="3" name="com.allianz.test.LoginUITest" time="50.156" errors="0" timestamp="2024-04-11T20:44:38 PDT" skipped="0">
  <testcase classname="com.allianz.test.LoginUITest" name="applicationDescription" time="7.758"/>
  <testcase classname="com.allianz.test.LoginUITest" name="applicationDescription" time="15.599"/>
  <testcase classname="com.allianz.test.LoginUITest" name="titleTest" time="26.799"/>
</testsuite> <!-- com.allianz.test.LoginUITest -->
