<?xml version="1.0" encoding="UTF-8"?>
<!-- Generated by org.testng.reporters.JUnitReportReporter -->
<testsuite hostname="DESKTOP-5BKKI8L" failures="0" tests="2" name="com.allianz.test.LoginUITest" time="24.387" errors="0" timestamp="2024-04-11T05:14:33 PDT" skipped="0">
  <testcase classname="com.allianz.test.LoginUITest" name="applicationDescription" time="12.076"/>
  <testcase classname="com.allianz.test.LoginUITest" name="applicationDescription" time="12.311"/>
</testsuite> <!-- com.allianz.test.LoginUITest -->
