<?xml version="1.0" encoding="UTF-8"?>
<!-- Generated by org.testng.reporters.JUnitReportReporter -->
<testsuite hostname="DESKTOP-5BKKI8L" failures="0" tests="1" name="com.allianz.test.AddEmployeeTest" time="307.453" errors="0" timestamp="2024-04-18T20:46:20 PDT" skipped="0">
  <testcase classname="com.allianz.test.AddEmployeeTest" name="uploadInvalidDisplayPicture" time="307.453"/>
</testsuite> <!-- com.allianz.test.AddEmployeeTest -->
