<?xml version="1.0" encoding="UTF-8"?>
<!-- Generated by org.testng.reporters.JUnitReportReporter -->
<testsuite hostname="DESKTOP-5BKKI8L" failures="0" tests="2" name="com.allianz.test.LoginTest" time="30.049" errors="0" timestamp="2024-04-17T22:56:24 PDT" skipped="0">
  <testcase classname="com.allianz.test.LoginTest" name="invalidLoginTest" time="13.257"/>
  <testcase classname="com.allianz.test.LoginTest" name="invalidLoginTest" time="16.792"/>
</testsuite> <!-- com.allianz.test.LoginTest -->
