<?xml version="1.0" encoding="UTF-8"?>
<!-- Generated by org.testng.reporters.JUnitReportReporter -->
<testsuite hostname="DESKTOP-5BKKI8L" failures="0" tests="3" name="com.allianz.test.LoginUITest" time="0.024" errors="0" timestamp="2024-04-02T00:16:39 PDT" skipped="0">
  <testcase classname="com.allianz.test.LoginUITest" name="applicationDescription" time="0.004"/>
  <testcase classname="com.allianz.test.LoginUITest" name="applicationDescription" time="0.015"/>
  <testcase classname="com.allianz.test.LoginUITest" name="titleTest" time="0.005"/>
</testsuite> <!-- com.allianz.test.LoginUITest -->
