<?xml version="1.0" encoding="UTF-8"?>
<!-- Generated by org.testng.reporters.JUnitReportReporter -->
<testsuite hostname="DESKTOP-5BKKI8L" failures="0" tests="3" name="com.allianz.test.ZDemoTest" time="0.033" errors="0" timestamp="2024-04-17T22:09:59 PDT" skipped="0">
  <testcase classname="com.allianz.test.ZDemoTest" name="validTest" time="0.006"/>
  <testcase classname="com.allianz.test.ZDemoTest" name="validTest" time="0.005"/>
  <testcase classname="com.allianz.test.ZDemoTest" name="validTest" time="0.022"/>
</testsuite> <!-- com.allianz.test.ZDemoTest -->
